<?xml version="1.0" encoding="UTF-8"?>
<testng-results ignored="0" total="1" passed="1" failed="0" skipped="0">
  <reporter-output>
  </reporter-output>
  <suite started-at="2024-04-07T23:26:18 IST" name="Default suite" finished-at="2024-04-07T23:26:32 IST" duration-ms="13540">
    <groups>
      <group name="cucumber">
        <method signature="AbstractTestNGCucumberTests.runScenario(io.cucumber.testng.PickleWrapper,io.cucumber.testng.FeatureWrapper)[pri:0, instance:com.logintestcases.TestRunners$TestRunner@33065d67]" name="runScenario" class="io.cucumber.testng.AbstractTestNGCucumberTests"/>
      </group> <!-- cucumber -->
    </groups>
    <test started-at="2024-04-07T23:26:18 IST" name="Default test" finished-at="2024-04-07T23:26:32 IST" duration-ms="13540">
      <class name="com.logintestcases.TestRunners$TestRunner">
        <test-method is-config="true" signature="setUpClass()[pri:0, instance:com.logintestcases.TestRunners$TestRunner@33065d67]" started-at="2024-04-07T23:26:18 IST" name="setUpClass" finished-at="2024-04-07T23:26:19 IST" duration-ms="489" status="PASS">
          <reporter-output>
          </reporter-output>
        </test-method> <!-- setUpClass -->
        <test-method signature="runScenario(io.cucumber.testng.PickleWrapper,io.cucumber.testng.FeatureWrapper)[pri:0, instance:com.logintestcases.TestRunners$TestRunner@33065d67]" started-at="2024-04-07T23:26:19 IST" name="runScenario" description="Runs Cucumber Scenarios" data-provider="scenarios" finished-at="2024-04-07T23:26:32 IST" duration-ms="12930" status="PASS">
          <params>
            <param index="0">
              <value>
                <![CDATA["User logs in with valid credentials"]]>
              </value>
            </param>
            <param index="1">
              <value>
                <![CDATA["Optional[Login functionality]"]]>
              </value>
            </param>
          </params>
          <reporter-output>
          </reporter-output>
        </test-method> <!-- runScenario -->
        <test-method is-config="true" signature="tearDownClass()[pri:0, instance:com.logintestcases.TestRunners$TestRunner@33065d67]" started-at="2024-04-07T23:26:32 IST" name="tearDownClass" finished-at="2024-04-07T23:26:32 IST" duration-ms="16" status="PASS">
          <reporter-output>
          </reporter-output>
        </test-method> <!-- tearDownClass -->
      </class> <!-- com.logintestcases.TestRunners$TestRunner -->
    </test> <!-- Default test -->
  </suite> <!-- Default suite -->
</testng-results>
